[0.641s] DEBUG:colcon:Command line arguments: ['/usr/bin/colcon', 'build']
[0.642s] DEBUG:colcon:Parsed command line arguments: Namespace(allow_overriding=[], ament_cmake_args=None, base_paths=['.'], build_base='build', catkin_cmake_args=None, catkin_skip_building_tests=False, cmake_args=None, cmake_clean_cache=False, cmake_clean_first=False, cmake_force_configure=False, cmake_target=None, cmake_target_skip_unavailable=False, continue_on_error=False, event_handlers=None, executor='parallel', ignore_user_meta=False, install_base='install', log_base=None, log_level=None, main=<bound method BuildVerb.main of <colcon_core.verb.build.BuildVerb object at 0xffff8a51b070>>, merge_install=False, metas=['./colcon.meta'], packages_above=None, packages_above_and_dependencies=None, packages_above_depth=None, packages_end=None, packages_ignore=None, packages_ignore_regex=None, packages_select=None, packages_select_build_failed=False, packages_select_by_dep=None, packages_select_regex=None, packages_select_test_failures=False, packages_skip=None, packages_skip_build_finished=False, packages_skip_by_dep=None, packages_skip_regex=None, packages_skip_test_passed=False, packages_skip_up_to=None, packages_start=None, packages_up_to=None, packages_up_to_regex=None, parallel_workers=4, paths=None, symlink_install=False, test_result_base=None, verb_extension=<colcon_core.verb.build.BuildVerb object at 0xffff8a51b070>, verb_name='build', verb_parser=<colcon_defaults.argument_parser.defaults.DefaultArgumentsDecorator object at 0xffff8a44bc70>)
[1.089s] Level 1:colcon.colcon_core.package_discovery:discover_packages(colcon_meta) check parameters
[1.089s] Level 1:colcon.colcon_core.package_discovery:discover_packages(recursive) check parameters
[1.090s] Level 1:colcon.colcon_core.package_discovery:discover_packages(ignore) check parameters
[1.090s] Level 1:colcon.colcon_core.package_discovery:discover_packages(path) check parameters
[1.090s] Level 1:colcon.colcon_core.package_discovery:discover_packages(colcon_meta) discover
[1.090s] Level 1:colcon.colcon_core.package_discovery:discover_packages(recursive) discover
[1.090s] INFO:colcon.colcon_core.package_discovery:Crawling recursively for packages in '/home/unitree/p2_ws/P2RemoteConnection'
[1.091s] Level 1:colcon.colcon_core.package_identification:_identify(.) by extensions ['ignore', 'ignore_ament_install']
[1.091s] Level 1:colcon.colcon_core.package_identification:_identify(.) by extension 'ignore'
[1.091s] Level 1:colcon.colcon_core.package_identification:_identify(.) by extension 'ignore_ament_install'
[1.091s] Level 1:colcon.colcon_core.package_identification:_identify(.) by extensions ['colcon_pkg']
[1.091s] Level 1:colcon.colcon_core.package_identification:_identify(.) by extension 'colcon_pkg'
[1.092s] Level 1:colcon.colcon_core.package_identification:_identify(.) by extensions ['colcon_meta']
[1.092s] Level 1:colcon.colcon_core.package_identification:_identify(.) by extension 'colcon_meta'
[1.092s] Level 1:colcon.colcon_core.package_identification:_identify(.) by extensions ['ros']
[1.092s] Level 1:colcon.colcon_core.package_identification:_identify(.) by extension 'ros'
[1.123s] Level 1:colcon.colcon_core.package_identification:_identify(.) by extensions ['cmake', 'python']
[1.124s] Level 1:colcon.colcon_core.package_identification:_identify(.) by extension 'cmake'
[1.124s] Level 1:colcon.colcon_core.package_identification:_identify(.) by extension 'python'
[1.124s] Level 1:colcon.colcon_core.package_identification:_identify(.) by extensions ['python_setup_py']
[1.124s] Level 1:colcon.colcon_core.package_identification:_identify(.) by extension 'python_setup_py'
[1.125s] Level 1:colcon.colcon_core.package_identification:_identify(build) by extensions ['ignore', 'ignore_ament_install']
[1.125s] Level 1:colcon.colcon_core.package_identification:_identify(build) by extension 'ignore'
[1.125s] Level 1:colcon.colcon_core.package_identification:_identify(build) ignored
[1.125s] Level 1:colcon.colcon_core.package_identification:_identify(install) by extensions ['ignore', 'ignore_ament_install']
[1.126s] Level 1:colcon.colcon_core.package_identification:_identify(install) by extension 'ignore'
[1.126s] Level 1:colcon.colcon_core.package_identification:_identify(install) ignored
[1.126s] Level 1:colcon.colcon_core.package_identification:_identify(log) by extensions ['ignore', 'ignore_ament_install']
[1.126s] Level 1:colcon.colcon_core.package_identification:_identify(log) by extension 'ignore'
[1.126s] Level 1:colcon.colcon_core.package_identification:_identify(log) ignored
[1.127s] Level 1:colcon.colcon_core.package_identification:_identify(src) by extensions ['ignore', 'ignore_ament_install']
[1.127s] Level 1:colcon.colcon_core.package_identification:_identify(src) by extension 'ignore'
[1.127s] Level 1:colcon.colcon_core.package_identification:_identify(src) by extension 'ignore_ament_install'
[1.127s] Level 1:colcon.colcon_core.package_identification:_identify(src) by extensions ['colcon_pkg']
[1.127s] Level 1:colcon.colcon_core.package_identification:_identify(src) by extension 'colcon_pkg'
[1.127s] Level 1:colcon.colcon_core.package_identification:_identify(src) by extensions ['colcon_meta']
[1.127s] Level 1:colcon.colcon_core.package_identification:_identify(src) by extension 'colcon_meta'
[1.128s] Level 1:colcon.colcon_core.package_identification:_identify(src) by extensions ['ros']
[1.128s] Level 1:colcon.colcon_core.package_identification:_identify(src) by extension 'ros'
[1.128s] Level 1:colcon.colcon_core.package_identification:_identify(src) by extensions ['cmake', 'python']
[1.128s] Level 1:colcon.colcon_core.package_identification:_identify(src) by extension 'cmake'
[1.128s] Level 1:colcon.colcon_core.package_identification:_identify(src) by extension 'python'
[1.128s] Level 1:colcon.colcon_core.package_identification:_identify(src) by extensions ['python_setup_py']
[1.128s] Level 1:colcon.colcon_core.package_identification:_identify(src) by extension 'python_setup_py'
[1.129s] Level 1:colcon.colcon_core.package_identification:_identify(src/p2_remote_connection) by extensions ['ignore', 'ignore_ament_install']
[1.129s] Level 1:colcon.colcon_core.package_identification:_identify(src/p2_remote_connection) by extension 'ignore'
[1.129s] Level 1:colcon.colcon_core.package_identification:_identify(src/p2_remote_connection) by extension 'ignore_ament_install'
[1.129s] Level 1:colcon.colcon_core.package_identification:_identify(src/p2_remote_connection) by extensions ['colcon_pkg']
[1.129s] Level 1:colcon.colcon_core.package_identification:_identify(src/p2_remote_connection) by extension 'colcon_pkg'
[1.129s] Level 1:colcon.colcon_core.package_identification:_identify(src/p2_remote_connection) by extensions ['colcon_meta']
[1.129s] Level 1:colcon.colcon_core.package_identification:_identify(src/p2_remote_connection) by extension 'colcon_meta'
[1.130s] Level 1:colcon.colcon_core.package_identification:_identify(src/p2_remote_connection) by extensions ['ros']
[1.130s] Level 1:colcon.colcon_core.package_identification:_identify(src/p2_remote_connection) by extension 'ros'
[1.137s] DEBUG:colcon.colcon_core.package_identification:Package 'src/p2_remote_connection' with type 'ros.ament_cmake' and name 'p2_remote_connection'
[1.137s] Level 1:colcon.colcon_core.package_discovery:discover_packages(recursive) using defaults
[1.137s] Level 1:colcon.colcon_core.package_discovery:discover_packages(ignore) discover
[1.137s] Level 1:colcon.colcon_core.package_discovery:discover_packages(ignore) using defaults
[1.137s] Level 1:colcon.colcon_core.package_discovery:discover_packages(path) discover
[1.137s] Level 1:colcon.colcon_core.package_discovery:discover_packages(path) using defaults
[1.213s] Level 1:colcon.colcon_core.package_discovery:discover_packages(prefix_path) check parameters
[1.214s] Level 1:colcon.colcon_core.package_discovery:discover_packages(prefix_path) discover
[1.221s] DEBUG:colcon.colcon_installed_package_information.package_discovery:Found 6 installed packages in /home/unitree/unitree_ros2/install
[1.223s] DEBUG:colcon.colcon_installed_package_information.package_discovery:Found 1 installed packages in /home/unitree/unitree_ros2/cyclonedds_ws/install
[1.227s] DEBUG:colcon.colcon_installed_package_information.package_discovery:Found 339 installed packages in /opt/ros/foxy
[1.231s] Level 1:colcon.colcon_core.package_discovery:discover_packages(prefix_path) using defaults
[1.422s] Level 5:colcon.colcon_core.verb:set package 'p2_remote_connection' build argument 'cmake_args' from command line to 'None'
[1.422s] Level 5:colcon.colcon_core.verb:set package 'p2_remote_connection' build argument 'cmake_target' from command line to 'None'
[1.422s] Level 5:colcon.colcon_core.verb:set package 'p2_remote_connection' build argument 'cmake_target_skip_unavailable' from command line to 'False'
[1.422s] Level 5:colcon.colcon_core.verb:set package 'p2_remote_connection' build argument 'cmake_clean_cache' from command line to 'False'
[1.422s] Level 5:colcon.colcon_core.verb:set package 'p2_remote_connection' build argument 'cmake_clean_first' from command line to 'False'
[1.422s] Level 5:colcon.colcon_core.verb:set package 'p2_remote_connection' build argument 'cmake_force_configure' from command line to 'False'
[1.422s] Level 5:colcon.colcon_core.verb:set package 'p2_remote_connection' build argument 'ament_cmake_args' from command line to 'None'
[1.422s] Level 5:colcon.colcon_core.verb:set package 'p2_remote_connection' build argument 'catkin_cmake_args' from command line to 'None'
[1.423s] Level 5:colcon.colcon_core.verb:set package 'p2_remote_connection' build argument 'catkin_skip_building_tests' from command line to 'False'
[1.423s] DEBUG:colcon.colcon_core.verb:Building package 'p2_remote_connection' with the following arguments: {'ament_cmake_args': None, 'build_base': '/home/unitree/p2_ws/P2RemoteConnection/build/p2_remote_connection', 'catkin_cmake_args': None, 'catkin_skip_building_tests': False, 'cmake_args': None, 'cmake_clean_cache': False, 'cmake_clean_first': False, 'cmake_force_configure': False, 'cmake_target': None, 'cmake_target_skip_unavailable': False, 'install_base': '/home/unitree/p2_ws/P2RemoteConnection/install/p2_remote_connection', 'merge_install': False, 'path': '/home/unitree/p2_ws/P2RemoteConnection/src/p2_remote_connection', 'symlink_install': False, 'test_result_base': None}
[1.423s] INFO:colcon.colcon_core.executor:Executing jobs using 'parallel' executor
[1.426s] DEBUG:colcon.colcon_parallel_executor.executor.parallel:run_until_complete
[1.426s] INFO:colcon.colcon_ros.task.ament_cmake.build:Building ROS package in '/home/unitree/p2_ws/P2RemoteConnection/src/p2_remote_connection' with build type 'ament_cmake'
[1.427s] INFO:colcon.colcon_cmake.task.cmake.build:Building CMake package in '/home/unitree/p2_ws/P2RemoteConnection/src/p2_remote_connection'
[1.434s] INFO:colcon.colcon_core.plugin_system:Skipping extension 'colcon_core.shell.bat': Not used on non-Windows systems
[1.435s] INFO:colcon.colcon_core.shell:Skip shell extension 'powershell' for command environment: Not usable outside of PowerShell
[1.435s] DEBUG:colcon.colcon_core.shell:Skip shell extension 'dsv' for command environment
[1.460s] DEBUG:colcon.colcon_core.event_handler.log_command:Invoking command in '/home/unitree/p2_ws/P2RemoteConnection/build/p2_remote_connection': CMAKE_PREFIX_PATH=${CMAKE_PREFIX_PATH}:/opt/ros/foxy /usr/bin/cmake --build /home/unitree/p2_ws/P2RemoteConnection/build/p2_remote_connection -- -j4 -l4
[21.606s] DEBUG:colcon.colcon_core.event_handler.log_command:Invoked command in '/home/unitree/p2_ws/P2RemoteConnection/build/p2_remote_connection' returned '0': CMAKE_PREFIX_PATH=${CMAKE_PREFIX_PATH}:/opt/ros/foxy /usr/bin/cmake --build /home/unitree/p2_ws/P2RemoteConnection/build/p2_remote_connection -- -j4 -l4
[21.642s] DEBUG:colcon.colcon_core.event_handler.log_command:Invoking command in '/home/unitree/p2_ws/P2RemoteConnection/build/p2_remote_connection': CMAKE_PREFIX_PATH=${CMAKE_PREFIX_PATH}:/opt/ros/foxy /usr/bin/cmake --install /home/unitree/p2_ws/P2RemoteConnection/build/p2_remote_connection
[21.687s] Level 1:colcon.colcon_core.environment:create_environment_scripts_only(p2_remote_connection)
[21.692s] DEBUG:colcon.colcon_core.event_handler.log_command:Invoked command in '/home/unitree/p2_ws/P2RemoteConnection/build/p2_remote_connection' returned '0': CMAKE_PREFIX_PATH=${CMAKE_PREFIX_PATH}:/opt/ros/foxy /usr/bin/cmake --install /home/unitree/p2_ws/P2RemoteConnection/build/p2_remote_connection
[21.701s] Level 1:colcon.colcon_core.environment:checking '/home/unitree/p2_ws/P2RemoteConnection/install/p2_remote_connection' for CMake module files
[21.702s] Level 1:colcon.colcon_core.environment:checking '/home/unitree/p2_ws/P2RemoteConnection/install/p2_remote_connection' for CMake config files
[21.703s] Level 1:colcon.colcon_core.shell:create_environment_hook('p2_remote_connection', 'cmake_prefix_path')
[21.704s] INFO:colcon.colcon_core.shell:Creating environment hook '/home/unitree/p2_ws/P2RemoteConnection/install/p2_remote_connection/share/p2_remote_connection/hook/cmake_prefix_path.ps1'
[21.707s] INFO:colcon.colcon_core.shell:Creating environment descriptor '/home/unitree/p2_ws/P2RemoteConnection/install/p2_remote_connection/share/p2_remote_connection/hook/cmake_prefix_path.dsv'
[21.708s] INFO:colcon.colcon_core.shell:Creating environment hook '/home/unitree/p2_ws/P2RemoteConnection/install/p2_remote_connection/share/p2_remote_connection/hook/cmake_prefix_path.sh'
[21.711s] Level 1:colcon.colcon_core.environment:checking '/home/unitree/p2_ws/P2RemoteConnection/install/p2_remote_connection/lib'
[21.711s] Level 1:colcon.colcon_core.environment:checking '/home/unitree/p2_ws/P2RemoteConnection/install/p2_remote_connection/bin'
[21.711s] Level 1:colcon.colcon_core.environment:checking '/home/unitree/p2_ws/P2RemoteConnection/install/p2_remote_connection/lib/pkgconfig/p2_remote_connection.pc'
[21.712s] Level 1:colcon.colcon_core.environment:checking '/home/unitree/p2_ws/P2RemoteConnection/install/p2_remote_connection/lib/python3.8/site-packages'
[21.712s] Level 1:colcon.colcon_core.environment:checking '/home/unitree/p2_ws/P2RemoteConnection/install/p2_remote_connection/bin'
[21.713s] INFO:colcon.colcon_core.shell:Creating package script '/home/unitree/p2_ws/P2RemoteConnection/install/p2_remote_connection/share/p2_remote_connection/package.ps1'
[21.715s] INFO:colcon.colcon_core.shell:Creating package descriptor '/home/unitree/p2_ws/P2RemoteConnection/install/p2_remote_connection/share/p2_remote_connection/package.dsv'
[21.717s] INFO:colcon.colcon_core.shell:Creating package script '/home/unitree/p2_ws/P2RemoteConnection/install/p2_remote_connection/share/p2_remote_connection/package.sh'
[21.719s] INFO:colcon.colcon_core.shell:Creating package script '/home/unitree/p2_ws/P2RemoteConnection/install/p2_remote_connection/share/p2_remote_connection/package.bash'
[21.721s] INFO:colcon.colcon_core.shell:Creating package script '/home/unitree/p2_ws/P2RemoteConnection/install/p2_remote_connection/share/p2_remote_connection/package.zsh'
[21.723s] Level 1:colcon.colcon_core.environment:create_file_with_runtime_dependencies(/home/unitree/p2_ws/P2RemoteConnection/install/p2_remote_connection/share/colcon-core/packages/p2_remote_connection)
[21.725s] Level 1:colcon.colcon_core.environment:create_environment_scripts_only(p2_remote_connection)
[21.725s] Level 1:colcon.colcon_core.environment:checking '/home/unitree/p2_ws/P2RemoteConnection/install/p2_remote_connection' for CMake module files
[21.726s] Level 1:colcon.colcon_core.environment:checking '/home/unitree/p2_ws/P2RemoteConnection/install/p2_remote_connection' for CMake config files
[21.727s] Level 1:colcon.colcon_core.shell:create_environment_hook('p2_remote_connection', 'cmake_prefix_path')
[21.727s] INFO:colcon.colcon_core.shell:Creating environment hook '/home/unitree/p2_ws/P2RemoteConnection/install/p2_remote_connection/share/p2_remote_connection/hook/cmake_prefix_path.ps1'
[21.728s] INFO:colcon.colcon_core.shell:Creating environment descriptor '/home/unitree/p2_ws/P2RemoteConnection/install/p2_remote_connection/share/p2_remote_connection/hook/cmake_prefix_path.dsv'
[21.729s] INFO:colcon.colcon_core.shell:Creating environment hook '/home/unitree/p2_ws/P2RemoteConnection/install/p2_remote_connection/share/p2_remote_connection/hook/cmake_prefix_path.sh'
[21.731s] Level 1:colcon.colcon_core.environment:checking '/home/unitree/p2_ws/P2RemoteConnection/install/p2_remote_connection/lib'
[21.731s] Level 1:colcon.colcon_core.environment:checking '/home/unitree/p2_ws/P2RemoteConnection/install/p2_remote_connection/bin'
[21.731s] Level 1:colcon.colcon_core.environment:checking '/home/unitree/p2_ws/P2RemoteConnection/install/p2_remote_connection/lib/pkgconfig/p2_remote_connection.pc'
[21.731s] Level 1:colcon.colcon_core.environment:checking '/home/unitree/p2_ws/P2RemoteConnection/install/p2_remote_connection/lib/python3.8/site-packages'
[21.732s] Level 1:colcon.colcon_core.environment:checking '/home/unitree/p2_ws/P2RemoteConnection/install/p2_remote_connection/bin'
[21.733s] INFO:colcon.colcon_core.shell:Creating package script '/home/unitree/p2_ws/P2RemoteConnection/install/p2_remote_connection/share/p2_remote_connection/package.ps1'
[21.734s] INFO:colcon.colcon_core.shell:Creating package descriptor '/home/unitree/p2_ws/P2RemoteConnection/install/p2_remote_connection/share/p2_remote_connection/package.dsv'
[21.735s] INFO:colcon.colcon_core.shell:Creating package script '/home/unitree/p2_ws/P2RemoteConnection/install/p2_remote_connection/share/p2_remote_connection/package.sh'
[21.736s] INFO:colcon.colcon_core.shell:Creating package script '/home/unitree/p2_ws/P2RemoteConnection/install/p2_remote_connection/share/p2_remote_connection/package.bash'
[21.737s] INFO:colcon.colcon_core.shell:Creating package script '/home/unitree/p2_ws/P2RemoteConnection/install/p2_remote_connection/share/p2_remote_connection/package.zsh'
[21.738s] Level 1:colcon.colcon_core.environment:create_file_with_runtime_dependencies(/home/unitree/p2_ws/P2RemoteConnection/install/p2_remote_connection/share/colcon-core/packages/p2_remote_connection)
[21.739s] DEBUG:colcon.colcon_parallel_executor.executor.parallel:closing loop
[21.740s] DEBUG:colcon.colcon_parallel_executor.executor.parallel:loop closed
[21.740s] DEBUG:colcon.colcon_parallel_executor.executor.parallel:run_until_complete finished with '0'
[21.740s] DEBUG:colcon.colcon_core.event_reactor:joining thread
[21.755s] INFO:colcon.colcon_core.plugin_system:Skipping extension 'colcon_notification.desktop_notification.terminal_notifier': Not used on non-Darwin systems
[21.755s] INFO:colcon.colcon_core.plugin_system:Skipping extension 'colcon_notification.desktop_notification.win32': Not used on non-Windows systems
[21.755s] INFO:colcon.colcon_notification.desktop_notification:Sending desktop notification using 'notify2'
[21.783s] DEBUG:colcon.colcon_notification.desktop_notification.notify2:Failed to initialize notify2: org.freedesktop.DBus.Error.Spawn.ChildExited: Process org.freedesktop.Notifications exited with status 1
[21.784s] DEBUG:colcon.colcon_core.event_reactor:joined thread
[21.785s] INFO:colcon.colcon_core.shell:Creating prefix script '/home/unitree/p2_ws/P2RemoteConnection/install/local_setup.ps1'
[21.787s] INFO:colcon.colcon_core.shell:Creating prefix util module '/home/unitree/p2_ws/P2RemoteConnection/install/_local_setup_util_ps1.py'
[21.791s] INFO:colcon.colcon_core.shell:Creating prefix chain script '/home/unitree/p2_ws/P2RemoteConnection/install/setup.ps1'
[21.795s] INFO:colcon.colcon_core.shell:Creating prefix script '/home/unitree/p2_ws/P2RemoteConnection/install/local_setup.sh'
[21.797s] INFO:colcon.colcon_core.shell:Creating prefix util module '/home/unitree/p2_ws/P2RemoteConnection/install/_local_setup_util_sh.py'
[21.798s] INFO:colcon.colcon_core.shell:Creating prefix chain script '/home/unitree/p2_ws/P2RemoteConnection/install/setup.sh'
[21.802s] INFO:colcon.colcon_core.shell:Creating prefix script '/home/unitree/p2_ws/P2RemoteConnection/install/local_setup.bash'
[21.803s] INFO:colcon.colcon_core.shell:Creating prefix chain script '/home/unitree/p2_ws/P2RemoteConnection/install/setup.bash'
[21.806s] INFO:colcon.colcon_core.shell:Creating prefix script '/home/unitree/p2_ws/P2RemoteConnection/install/local_setup.zsh'
[21.807s] INFO:colcon.colcon_core.shell:Creating prefix chain script '/home/unitree/p2_ws/P2RemoteConnection/install/setup.zsh'
